08:12:20 **** Incremental Build of configuration Debug for project CALC ****
make all 
Building file: ../HAL/KPD/KPD_Program.c
Invoking: AVR Compiler
avr-gcc -Wall -g2 -gstabs -O0 -fpack-struct -fshort-enums -ffunction-sections -fdata-sections -std=gnu99 -funsigned-char -funsigned-bitfields -mmcu=atmega32 -DF_CPU=8000000UL -MMD -MP -MF"HAL/KPD/KPD_Program.d" -MT"HAL/KPD/KPD_Program.o" -c -o "HAL/KPD/KPD_Program.o" "../HAL/KPD/KPD_Program.c"
In file included from ../HAL/KPD/KPD_Program.c:18:
e:/programs/imt_sdk_win_64/winavr/lib/gcc/../../avr/include/util/delay.h:90:3: warning: #warning "Compiler optimizations disabled; functions from <util/delay.h> won't work as designed"
Finished building: ../HAL/KPD/KPD_Program.c
 
Building file: ../main.c
Invoking: AVR Compiler
avr-gcc -Wall -g2 -gstabs -O0 -fpack-struct -fshort-enums -ffunction-sections -fdata-sections -std=gnu99 -funsigned-char -funsigned-bitfields -mmcu=atmega32 -DF_CPU=8000000UL -MMD -MP -MF"main.d" -MT"main.o" -c -o "main.o" "../main.c"
In file included from ../main.c:20:
e:/programs/imt_sdk_win_64/winavr/lib/gcc/../../avr/include/util/delay.h:90:3: warning: #warning "Compiler optimizations disabled; functions from <util/delay.h> won't work as designed"
../main.c: In function 'main':
../main.c:44: warning: implicit declaration of function 'floor'
../main.c:44: warning: incompatible implicit declaration of built-in function 'floor'
Finished building: ../main.c
 
Building target: CALC.elf
Invoking: AVR C Linker
avr-gcc -Wl,-Map,CALC.map -mmcu=atmega32 -o "CALC.elf"  ./MCAL/DIO/DIO_program.o  ./HAL/LCD/CLCD_prog.o  ./HAL/KPD/KPD_Program.o  ./main.o   
Finished building target: CALC.elf
 
Invoking: AVR Create Extended Listing
avr-objdump -h -S CALC.elf  >"CALC.lss"
Finished building: CALC.lss
 
Create Flash image (ihex format)
avr-objcopy -R .eeprom -R .fuse -R .lock -R .signature -O ihex CALC.elf  "CALC.hex"
Finished building: CALC.hex
 
Invoking: Print Size
avr-size --format=avr --mcu=atmega32 CALC.elf
AVR Memory Usage
----------------
Device: atmega32

Program:    9844 bytes (30.0% Full)
(.text + .data + .bootloader)

Data:        344 bytes (16.8% Full)
(.data + .bss + .noinit)


Finished building: sizedummy
 

08:12:21 Build Finished (took 754ms)

